                                 Started job on |	May 18 17:22:27
                             Started mapping on |	May 18 17:22:50
                                    Finished on |	May 18 20:39:16
       Mapping speed, Million of reads per hour |	286.31

                          Number of input reads |	937349343
                      Average input read length |	171
                                    UNIQUE READS:
                   Uniquely mapped reads number |	671337327
                        Uniquely mapped reads % |	71.62%
                          Average mapped length |	162.44
                       Number of splices: Total |	97154141
            Number of splices: Annotated (sjdb) |	0
                       Number of splices: GT/AG |	96363849
                       Number of splices: GC/AG |	109215
                       Number of splices: AT/AC |	17770
               Number of splices: Non-canonical |	663307
                      Mismatch rate per base, % |	0.92%
                         Deletion rate per base |	0.03%
                        Deletion average length |	1.98
                        Insertion rate per base |	0.25%
                       Insertion average length |	1.38
                             MULTI-MAPPING READS:
        Number of reads mapped to multiple loci |	37446599
             % of reads mapped to multiple loci |	3.99%
        Number of reads mapped to too many loci |	573102
             % of reads mapped to too many loci |	0.06%
                                  UNMAPPED READS:
       % of reads unmapped: too many mismatches |	0.00%
                 % of reads unmapped: too short |	24.26%
                     % of reads unmapped: other |	0.07%
                                  CHIMERIC READS:
                       Number of chimeric reads |	0
                            % of chimeric reads |	0.00%
