INFO	****************** Start a BUSCO 3.0.1 analysis, current time: 04/02/2019 14:16:24 ******************
INFO	Configuration loaded from /scratch/mutemi/BUSCO_Platy_seq/config/config.ini.platy
INFO	Init tools...
INFO	Check dependencies...
INFO	Check input file...
INFO	To reproduce this run: python /scratch/mutemi/BUSCO_Platy_seq/BUSCO_results/BUSCO_PacBio_Platy/run_BUSCO.py -i /scratch/mutemi/BUSCO_Platy_seq/platygenome_Seq_Data/canu_pacbio.contigs.fasta -o busco_platy_canu_pacbio_%j -l /scratch/mutemi/BUSCO_Platy_seq/BUSCO_Lineages/metazoa_odb9/ -m genome -c 1 --long -sp fly
INFO	Mode is: genome
INFO	The lineage dataset is: metazoa_odb9 (eukaryota)
INFO	Temp directory is ./tmp/
INFO	****** Phase 1 of 2, initial predictions ******
INFO	****** Step 1/3, current time: 04/02/2019 14:16:52 ******
INFO	Create blast database...
INFO	[makeblastdb]	Building a new DB, current time: 04/02/2019 14:16:52
INFO	[makeblastdb]	New DB name:   /scratch/mutemi/BUSCO_Platy_seq/BUSCO_results/BUSCO_PacBio_Platy/tmp/busco_platy_canu_pacbio_%j_3457920640
INFO	[makeblastdb]	New DB title:  /scratch/mutemi/BUSCO_Platy_seq/platygenome_Seq_Data/canu_pacbio.contigs.fasta
INFO	[makeblastdb]	Sequence type: Nucleotide
INFO	[makeblastdb]	Keep MBits: T
INFO	[makeblastdb]	Maximum file size: 1000000000B
INFO	[makeblastdb]	Adding sequences from FASTA; added 41851 sequences in 27.1844 seconds.
INFO	[makeblastdb]	1 of 1 task(s) completed at 04/02/2019 14:17:19
INFO	Running tblastn, writing output to /scratch/mutemi/BUSCO_Platy_seq/BUSCO_results/BUSCO_PacBio_Platy/run_busco_platy_canu_pacbio_%j/blast_output/tblastn_busco_platy_canu_pacbio_%j.tsv...
INFO	[tblastn]	1 of 1 task(s) completed at 04/02/2019 16:01:39
INFO	****** Step 2/3, current time: 04/02/2019 16:01:39 ******
INFO	Maximum number of candidate contig per BUSCO limited to: 3
INFO	Getting coordinates for candidate regions...
INFO	Pre-Augustus scaffold extraction...
INFO	Running Augustus prediction using fly as species:
INFO	[augustus]	Please find all logs related to Augustus errors here: /scratch/mutemi/BUSCO_Platy_seq/BUSCO_results/BUSCO_PacBio_Platy/run_busco_platy_canu_pacbio_%j/augustus_output/augustus.log
INFO	[augustus]	124 of 1238 task(s) completed at 04/02/2019 16:30:13
INFO	[augustus]	248 of 1238 task(s) completed at 04/02/2019 16:55:42
INFO	[augustus]	372 of 1238 task(s) completed at 04/02/2019 17:25:05
INFO	[augustus]	496 of 1238 task(s) completed at 04/02/2019 17:49:17
INFO	[augustus]	619 of 1238 task(s) completed at 04/02/2019 18:14:52
INFO	[augustus]	743 of 1238 task(s) completed at 04/02/2019 18:41:59
INFO	[augustus]	867 of 1238 task(s) completed at 04/02/2019 19:04:51
INFO	[augustus]	991 of 1238 task(s) completed at 04/02/2019 19:31:14
INFO	[augustus]	1115 of 1238 task(s) completed at 04/02/2019 19:53:36
INFO	[augustus]	1238 of 1238 task(s) completed at 04/02/2019 20:16:42
INFO	Extracting predicted proteins...
INFO	****** Step 3/3, current time: 04/02/2019 20:17:19 ******
INFO	Running HMMER to confirm orthology of predicted proteins:
INFO	[hmmsearch]	120 of 1193 task(s) completed at 04/02/2019 20:17:29
INFO	[hmmsearch]	239 of 1193 task(s) completed at 04/02/2019 20:17:35
INFO	[hmmsearch]	358 of 1193 task(s) completed at 04/02/2019 20:17:39
INFO	[hmmsearch]	478 of 1193 task(s) completed at 04/02/2019 20:17:43
INFO	[hmmsearch]	597 of 1193 task(s) completed at 04/02/2019 20:17:47
INFO	[hmmsearch]	716 of 1193 task(s) completed at 04/02/2019 20:17:50
INFO	[hmmsearch]	836 of 1193 task(s) completed at 04/02/2019 20:17:54
INFO	[hmmsearch]	955 of 1193 task(s) completed at 04/02/2019 20:17:58
INFO	[hmmsearch]	1074 of 1193 task(s) completed at 04/02/2019 20:18:01
INFO	[hmmsearch]	1193 of 1193 task(s) completed at 04/02/2019 20:18:03
INFO	Results:
INFO	C:74.8%[S:64.5%,D:10.3%],F:5.6%,M:19.6%,n:978
INFO	732 Complete BUSCOs (C)
INFO	631 Complete and single-copy BUSCOs (S)
INFO	101 Complete and duplicated BUSCOs (D)
INFO	55 Fragmented BUSCOs (F)
INFO	191 Missing BUSCOs (M)
INFO	978 Total BUSCO groups searched
INFO	****** Phase 2 of 2, predictions using species specific training ******
INFO	****** Step 1/3, current time: 04/02/2019 20:18:05 ******
INFO	Extracting missing and fragmented buscos from the ancestral_variants file...
INFO	Running tblastn, writing output to /scratch/mutemi/BUSCO_Platy_seq/BUSCO_results/BUSCO_PacBio_Platy/run_busco_platy_canu_pacbio_%j/blast_output/tblastn_busco_platy_canu_pacbio_%j_missing_and_frag_rerun.tsv...
INFO	[tblastn]	1 of 1 task(s) completed at 04/02/2019 23:40:01
INFO	Maximum number of candidate contig per BUSCO limited to: 3
INFO	Getting coordinates for candidate regions...
INFO	****** Step 2/3, current time: 04/02/2019 23:40:02 ******
INFO	Training Augustus using Single-Copy Complete BUSCOs:
INFO	Converting predicted genes to short genbank files at 04/02/2019 23:40:02...
INFO	All files converted to short genbank files, now running the training scripts at 04/03/2019 01:54:18...
WARNING	Optimizing augustus metaparameters, this may take a very long time, started at 04/03/2019 01:54:23
